<?xml version="1.0" encoding="UTF-8"?>
<!-- Generated by org.testng.reporters.JUnitReportReporter -->
<testsuite skipped="0" hostname="DESKTOP-L6DALCH" name="Test.PostmanRunTest" tests="1" failures="0" timestamp="08 Jan 2019 18:37:39 GMT" time="16.010" errors="0">
  <testcase name="postmanRun" time="16.010" classname="Test.PostmanRunTest"/>
</testsuite> <!-- Test.PostmanRunTest -->
